<?xml version="1.0" encoding="UTF-8"?>
<!-- Generated by org.testng.reporters.JUnitReportReporter -->
<testsuite hostname="IND-L-AADXBK9KO" failures="0" tests="1" name="frameworkPractice.SubmitOrderTest" time="24.112" errors="0" timestamp="2024-06-15T21:13:24 IST" skipped="0">
  <testcase classname="frameworkPractice.SubmitOrderTest" name="consumerFlow" time="24.112"/>
  <system-out/>
</testsuite> <!-- frameworkPractice.SubmitOrderTest -->
