<?xml version="1.0" encoding="UTF-8"?>
<!-- Generated by org.testng.reporters.JUnitReportReporter -->
<testsuite hostname="IND-L-AADXBK9KO" failures="0" tests="1" name="frameworkPractice.Tests.SubmitOrderTest" time="12.666" errors="0" timestamp="2024-06-27T10:52:45 IST" skipped="0">
  <testcase classname="frameworkPractice.Tests.SubmitOrderTest" name="SubmitOrder" time="12.666"/>
  <system-out/>
</testsuite> <!-- frameworkPractice.Tests.SubmitOrderTest -->
