<?xml version="1.0" encoding="UTF-8"?>
<!-- Generated by org.testng.reporters.JUnitReportReporter -->
<testsuite hostname="IND-L-AADXBK9KO" failures="0" tests="1" name="FrameworkPractice.base1" time="21.992" errors="0" timestamp="2024-06-09T14:00:03 IST" skipped="0">
  <testcase classname="FrameworkPractice.base1" name="consumerFlow" time="21.992"/>
  <system-out/>
</testsuite> <!-- FrameworkPractice.base1 -->
